This is pdfTeX, Version 3.141592653-2.6-1.40.24 (MiKTeX 22.10) (preloaded format=pdflatex 2023.3.8)  21 JUL 2023 15:25
entering extended mode
 restricted \write18 enabled.
 %&-line parsing enabled.
**"C:/Users/resha/Documents/Saturn_V/LaTeX/Template finale_POMPA/Sezioni/07_tur
bopompa.tex"

(C:/Users/resha/Documents/Saturn_V/LaTeX/Template finale_POMPA/Sezioni/07_turbo
pompa.tex
LaTeX2e <2022-06-01> patch level 5
L3 programming layer <2022-09-28>
! Undefined control sequence.
l.1 \section
            {Turbopompa}
? 
! Emergency stop.
l.1 
    
End of file on the terminal!

 
Here is how much of TeX's memory you used:
 19 strings out of 475385
 654 string characters out of 2793323
 340166 words of memory out of 3000000
 21499 multiletter control sequences out of 15000+600000
 469259 words of font info for 28 fonts, out of 8000000 for 9000
 1141 hyphenation exceptions out of 8191
 13i,0n,12p,141b,10s stack positions out of 10000i,1000n,20000p,200000b,80000s
!  ==> Fatal error occurred, no output PDF file produced!
