This is pdfTeX, Version 3.141592653-2.6-1.40.24 (MiKTeX 22.10) (preloaded format=pdflatex 2022.12.16)  20 APR 2023 18:50
entering extended mode
 restricted \write18 enabled.
 %&-line parsing enabled.
**"./Prova finale.tex"
(Prova finale.tex
LaTeX2e <2022-06-01> patch level 5
L3 programming layer <2022-09-28> (C:\Miktex\tex/latex/base\article.cls
Document Class: article 2021/10/04 v1.4n Standard LaTeX document class
(C:\Miktex\tex/latex/base\size11.clo
File: size11.clo 2021/10/04 v1.4n Standard LaTeX file (size option)
)
\c@part=\count185
\c@section=\count186
\c@subsection=\count187
\c@subsubsection=\count188
\c@paragraph=\count189
\c@subparagraph=\count190
\c@figure=\count191
\c@table=\count192
\abovecaptionskip=\skip47
\belowcaptionskip=\skip48
\bibindent=\dimen138
)
(C:\Miktex\tex/latex/titlesec\titlesec.sty
Package: titlesec 2021/07/05 v2.14 Sectioning titles
\ttl@box=\box51
\beforetitleunit=\skip49
\aftertitleunit=\skip50
\ttl@plus=\dimen139
\ttl@minus=\dimen140
\ttl@toksa=\toks16
\titlewidth=\dimen141
\titlewidthlast=\dimen142
\titlewidthfirst=\dimen143
)
(C:\Miktex\tex/latex/graphics\color.sty
Package: color 2022/01/06 v1.3d Standard LaTeX Color (DPC)

(C:\Miktex\tex/latex/graphics-cfg\color.cfg
File: color.cfg 2016/01/02 v1.6 sample color configuration
)
Package color Info: Driver file: pdftex.def on input line 149.

(C:\Miktex\tex/latex/graphics-def\pdftex.def
File: pdftex.def 2022/09/22 v1.2b Graphics/color driver for pdftex
\stockwidth=\dimen144
\stockheight=\dimen145
)
(C:\Miktex\tex/latex/graphics\mathcolor.ltx))
(C:\Miktex\tex/latex/base\inputenc.sty
Package: inputenc 2021/02/14 v1.3d Input encoding file
\inpenc@prehook=\toks17
\inpenc@posthook=\toks18
) (C:\Miktex\tex/generic/babel\babel.sty
Package: babel 2022/10/04 3.81 The Babel package
\babel@savecnt=\count193
\U@D=\dimen146
\l@unhyphenated=\language79

(C:\Miktex\tex/generic/babel\txtbabel.def)
\bbl@readstream=\read2
\bbl@dirlevel=\count194

*************************************
* Local config file bblopts.cfg used
*
(C:\Miktex\tex/latex/arabi\bblopts.cfg
File: bblopts.cfg 2005/09/08 v0.1 add Arabic and Farsi to "declared" options of
 babel
)
(C:\Miktex\tex/latex/babel-italian\italian.ldf
Language: italian 2022/03/27 v.1.4.07 Italian support for the babel system
\it@lettering=\count195
\it@doublequoteactive=\count196
\it@ISOcompliance=\count197
))
(C:\Miktex\tex/generic/babel/locale/it\babel-italian.tex
Package babel Info: Importing font and identification data for italian
(babel)             from babel-it.ini. Reported on input line 11.
)
(C:\Miktex\tex/latex/etoolbox\etoolbox.sty
Package: etoolbox 2020/10/05 v2.5k e-TeX tools for LaTeX (JAW)
\etb@tempcnta=\count198
)
(C:\Miktex\tex/latex/base\fontenc.sty
Package: fontenc 2021/04/29 v2.0v Standard LaTeX package
) (C:\Miktex\tex/latex/kpfonts\kpfonts.sty
Package: kpfonts  2023/01/18 v3.35
(C:\Miktex\tex/generic/iftex\iftex.sty
Package: iftex 2022/02/03 v1.0f TeX engine tests
)
(C:\Miktex\tex/latex/amsmath\amsmath.sty
Package: amsmath 2022/04/08 v2.17n AMS math features
\@mathmargin=\skip51

For additional information on amsmath, use the `?' option.
(C:\Miktex\tex/latex/amsmath\amstext.sty
Package: amstext 2021/08/26 v2.01 AMS text

(C:\Miktex\tex/latex/amsmath\amsgen.sty
File: amsgen.sty 1999/11/30 v2.0 generic functions
\@emptytoks=\toks19
\ex@=\dimen147
))
(C:\Miktex\tex/latex/amsmath\amsbsy.sty
Package: amsbsy 1999/11/29 v1.2d Bold Symbols
\pmbraise@=\dimen148
)
(C:\Miktex\tex/latex/amsmath\amsopn.sty
Package: amsopn 2022/04/08 v2.04 operator names
)
\inf@bad=\count199
LaTeX Info: Redefining \frac on input line 234.
\uproot@=\count266
\leftroot@=\count267
LaTeX Info: Redefining \overline on input line 399.
LaTeX Info: Redefining \colon on input line 410.
\classnum@=\count268
\DOTSCASE@=\count269
LaTeX Info: Redefining \ldots on input line 496.
LaTeX Info: Redefining \dots on input line 499.
LaTeX Info: Redefining \cdots on input line 620.
\Mathstrutbox@=\box52
\strutbox@=\box53
LaTeX Info: Redefining \big on input line 722.
LaTeX Info: Redefining \Big on input line 723.
LaTeX Info: Redefining \bigg on input line 724.
LaTeX Info: Redefining \Bigg on input line 725.
\big@size=\dimen149
LaTeX Font Info:    Redeclaring font encoding OML on input line 743.
LaTeX Font Info:    Redeclaring font encoding OMS on input line 744.
\macc@depth=\count270
LaTeX Info: Redefining \bmod on input line 905.
LaTeX Info: Redefining \pmod on input line 910.
LaTeX Info: Redefining \smash on input line 940.
LaTeX Info: Redefining \relbar on input line 970.
LaTeX Info: Redefining \Relbar on input line 971.
\c@MaxMatrixCols=\count271
\dotsspace@=\muskip16
\c@parentequation=\count272
\dspbrk@lvl=\count273
\tag@help=\toks20
\row@=\count274
\column@=\count275
\maxfields@=\count276
\andhelp@=\toks21
\eqnshift@=\dimen150
\alignsep@=\dimen151
\tagshift@=\dimen152
\tagwidth@=\dimen153
\totwidth@=\dimen154
\lineht@=\dimen155
\@envbody=\toks22
\multlinegap=\skip52
\multlinetaggap=\skip53
\mathdisplay@stack=\toks23
LaTeX Info: Redefining \[ on input line 2953.
LaTeX Info: Redefining \] on input line 2954.
)
\c@mv@rm=\count277
\c@mv@boldrm=\count278
\c@mv@sf=\count279
\c@mv@boldsf=\count280
LaTeX Font Info:    Redeclaring symbol font `operators' on input line 377.
LaTeX Font Info:    Overwriting symbol font `operators' in version `normal'
(Font)                  OT1/cmr/m/n --> OT1/jkp/m/n on input line 377.
LaTeX Font Info:    Overwriting symbol font `operators' in version `bold'
(Font)                  OT1/cmr/bx/n --> OT1/jkp/m/n on input line 377.
LaTeX Font Info:    Overwriting symbol font `operators' in version `rm'
(Font)                  OT1/cmr/m/n --> OT1/jkp/m/n on input line 377.
LaTeX Font Info:    Overwriting symbol font `operators' in version `boldrm'
(Font)                  OT1/cmr/m/n --> OT1/jkp/m/n on input line 377.
LaTeX Font Info:    Overwriting symbol font `operators' in version `sf'
(Font)                  OT1/cmr/m/n --> OT1/jkp/m/n on input line 377.
LaTeX Font Info:    Overwriting symbol font `operators' in version `boldsf'
(Font)                  OT1/cmr/m/n --> OT1/jkp/m/n on input line 377.
LaTeX Font Info:    Overwriting symbol font `operators' in version `bold'
(Font)                  OT1/jkp/m/n --> OT1/jkp/b/n on input line 378.
LaTeX Font Info:    Overwriting symbol font `operators' in version `rm'
(Font)                  OT1/jkp/m/n --> OT1/jkp/m/n on input line 380.
LaTeX Font Info:    Overwriting symbol font `operators' in version `boldrm'
(Font)                  OT1/jkp/m/n --> OT1/jkp/b/n on input line 381.
LaTeX Font Info:    Overwriting symbol font `operators' in version `sf'
(Font)                  OT1/jkp/m/n --> OT1/jkpss/m/n on input line 382.
LaTeX Font Info:    Overwriting symbol font `operators' in version `boldsf'
(Font)                  OT1/jkp/m/n --> OT1/jkpss/b/n on input line 383.
LaTeX Font Info:    Redeclaring math alphabet \mathrm on input line 387.
LaTeX Font Info:    Overwriting math alphabet `\mathrm' in version `bold'
(Font)                  OT1/jkp/m/n --> OT1/jkp/b/n on input line 388.
LaTeX Font Info:    Overwriting math alphabet `\mathrm' in version `rm'
(Font)                  OT1/jkp/m/n --> OT1/jkp/m/n on input line 389.
LaTeX Font Info:    Overwriting math alphabet `\mathrm' in version `boldrm'
(Font)                  OT1/jkp/m/n --> OT1/jkp/b/n on input line 390.
LaTeX Font Info:    Overwriting math alphabet `\mathrm' in version `sf'
(Font)                  OT1/jkp/m/n --> OT1/jkp/m/n on input line 391.
LaTeX Font Info:    Overwriting math alphabet `\mathrm' in version `boldsf'
(Font)                  OT1/jkp/m/n --> OT1/jkp/b/n on input line 392.
LaTeX Font Info:    Redeclaring math alphabet \mathbf on input line 401.
LaTeX Font Info:    Overwriting math alphabet `\mathbf' in version `normal'
(Font)                  OT1/cmr/bx/n --> OT1/jkp/b/n on input line 401.
LaTeX Font Info:    Overwriting math alphabet `\mathbf' in version `bold'
(Font)                  OT1/cmr/bx/n --> OT1/jkp/b/n on input line 401.
LaTeX Font Info:    Overwriting math alphabet `\mathbf' in version `rm'
(Font)                  OT1/cmr/bx/n --> OT1/jkp/b/n on input line 401.
LaTeX Font Info:    Overwriting math alphabet `\mathbf' in version `boldrm'
(Font)                  OT1/cmr/bx/n --> OT1/jkp/b/n on input line 401.
LaTeX Font Info:    Overwriting math alphabet `\mathbf' in version `sf'
(Font)                  OT1/cmr/bx/n --> OT1/jkp/b/n on input line 401.
LaTeX Font Info:    Overwriting math alphabet `\mathbf' in version `boldsf'
(Font)                  OT1/cmr/bx/n --> OT1/jkp/b/n on input line 401.
LaTeX Font Info:    Overwriting math alphabet `\mathbf' in version `bold'
(Font)                  OT1/jkp/b/n --> OT1/jkp/b/n on input line 402.
LaTeX Font Info:    Overwriting math alphabet `\mathbf' in version `rm'
(Font)                  OT1/jkp/b/n --> OT1/jkp/b/n on input line 404.
LaTeX Font Info:    Overwriting math alphabet `\mathbf' in version `boldrm'
(Font)                  OT1/jkp/b/n --> OT1/jkp/b/n on input line 405.
LaTeX Font Info:    Overwriting math alphabet `\mathbf' in version `sf'
(Font)                  OT1/jkp/b/n --> OT1/jkpss/b/n on input line 406.
LaTeX Font Info:    Overwriting math alphabet `\mathbf' in version `boldsf'
(Font)                  OT1/jkp/b/n --> OT1/jkpss/b/n on input line 407.
LaTeX Font Info:    Redeclaring math alphabet \mathit on input line 413.
LaTeX Font Info:    Overwriting math alphabet `\mathit' in version `normal'
(Font)                  OT1/cmr/m/it --> OT1/jkp/m/it on input line 413.
LaTeX Font Info:    Overwriting math alphabet `\mathit' in version `bold'
(Font)                  OT1/cmr/bx/it --> OT1/jkp/m/it on input line 413.
LaTeX Font Info:    Overwriting math alphabet `\mathit' in version `rm'
(Font)                  OT1/cmr/m/it --> OT1/jkp/m/it on input line 413.
LaTeX Font Info:    Overwriting math alphabet `\mathit' in version `boldrm'
(Font)                  OT1/cmr/m/it --> OT1/jkp/m/it on input line 413.
LaTeX Font Info:    Overwriting math alphabet `\mathit' in version `sf'
(Font)                  OT1/cmr/m/it --> OT1/jkp/m/it on input line 413.
LaTeX Font Info:    Overwriting math alphabet `\mathit' in version `boldsf'
(Font)                  OT1/cmr/m/it --> OT1/jkp/m/it on input line 413.
LaTeX Font Info:    Overwriting math alphabet `\mathit' in version `bold'
(Font)                  OT1/jkp/m/it --> OT1/jkp/b/it on input line 414.
LaTeX Font Info:    Overwriting math alphabet `\mathit' in version `rm'
(Font)                  OT1/jkp/m/it --> OT1/jkp/m/it on input line 416.
LaTeX Font Info:    Overwriting math alphabet `\mathit' in version `boldrm'
(Font)                  OT1/jkp/m/it --> OT1/jkp/b/it on input line 417.
LaTeX Font Info:    Overwriting math alphabet `\mathit' in version `sf'
(Font)                  OT1/jkp/m/it --> OT1/jkpss/m/it on input line 418.
LaTeX Font Info:    Overwriting math alphabet `\mathit' in version `boldsf'
(Font)                  OT1/jkp/m/it --> OT1/jkpss/b/it on input line 419.
LaTeX Font Info:    Redeclaring math alphabet \mathsf on input line 424.
LaTeX Font Info:    Overwriting math alphabet `\mathsf' in version `normal'
(Font)                  OT1/cmss/m/n --> OT1/jkpss/m/n on input line 424.
LaTeX Font Info:    Overwriting math alphabet `\mathsf' in version `bold'
(Font)                  OT1/cmss/bx/n --> OT1/jkpss/m/n on input line 424.
LaTeX Font Info:    Overwriting math alphabet `\mathsf' in version `rm'
(Font)                  OT1/cmss/m/n --> OT1/jkpss/m/n on input line 424.
LaTeX Font Info:    Overwriting math alphabet `\mathsf' in version `boldrm'
(Font)                  OT1/cmss/m/n --> OT1/jkpss/m/n on input line 424.
LaTeX Font Info:    Overwriting math alphabet `\mathsf' in version `sf'
(Font)                  OT1/cmss/m/n --> OT1/jkpss/m/n on input line 424.
LaTeX Font Info:    Overwriting math alphabet `\mathsf' in version `boldsf'
(Font)                  OT1/cmss/m/n --> OT1/jkpss/m/n on input line 424.
LaTeX Font Info:    Overwriting math alphabet `\mathsf' in version `bold'
(Font)                  OT1/jkpss/m/n --> OT1/jkpss/b/n on input line 425.
LaTeX Font Info:    Overwriting math alphabet `\mathsf' in version `rm'
(Font)                  OT1/jkpss/m/n --> OT1/jkpss/m/n on input line 426.
LaTeX Font Info:    Overwriting math alphabet `\mathsf' in version `boldrm'
(Font)                  OT1/jkpss/m/n --> OT1/jkpss/b/n on input line 427.
LaTeX Font Info:    Overwriting math alphabet `\mathsf' in version `sf'
(Font)                  OT1/jkpss/m/n --> OT1/jkpss/m/n on input line 428.
LaTeX Font Info:    Overwriting math alphabet `\mathsf' in version `boldsf'
(Font)                  OT1/jkpss/m/n --> OT1/jkpss/b/n on input line 429.
LaTeX Font Info:    Redeclaring math alphabet \mathtt on input line 433.
LaTeX Font Info:    Overwriting math alphabet `\mathtt' in version `normal'
(Font)                  OT1/cmtt/m/n --> OT1/jkptt/m/n on input line 433.
LaTeX Font Info:    Overwriting math alphabet `\mathtt' in version `bold'
(Font)                  OT1/cmtt/m/n --> OT1/jkptt/m/n on input line 433.
LaTeX Font Info:    Overwriting math alphabet `\mathtt' in version `rm'
(Font)                  OT1/cmtt/m/n --> OT1/jkptt/m/n on input line 433.
LaTeX Font Info:    Overwriting math alphabet `\mathtt' in version `boldrm'
(Font)                  OT1/cmtt/m/n --> OT1/jkptt/m/n on input line 433.
LaTeX Font Info:    Overwriting math alphabet `\mathtt' in version `sf'
(Font)                  OT1/cmtt/m/n --> OT1/jkptt/m/n on input line 433.
LaTeX Font Info:    Overwriting math alphabet `\mathtt' in version `boldsf'
(Font)                  OT1/cmtt/m/n --> OT1/jkptt/m/n on input line 433.
LaTeX Font Info:    Overwriting math alphabet `\mathtt' in version `bold'
(Font)                  OT1/jkptt/m/n --> OT1/jkptt/b/n on input line 434.
LaTeX Font Info:    Overwriting math alphabet `\mathtt' in version `rm'
(Font)                  OT1/jkptt/m/n --> OT1/jkptt/m/n on input line 435.
LaTeX Font Info:    Overwriting math alphabet `\mathtt' in version `boldrm'
(Font)                  OT1/jkptt/m/n --> OT1/jkptt/b/n on input line 436.
LaTeX Font Info:    Overwriting math alphabet `\mathtt' in version `sf'
(Font)                  OT1/jkptt/m/n --> OT1/jkptt/m/n on input line 437.
LaTeX Font Info:    Overwriting math alphabet `\mathtt' in version `boldsf'
(Font)                  OT1/jkptt/m/n --> OT1/jkptt/b/n on input line 438.
LaTeX Font Info:    Redeclaring symbol font `letters' on input line 446.
LaTeX Font Info:    Overwriting symbol font `letters' in version `normal'
(Font)                  OML/cmm/m/it --> OML/jkp/m/it on input line 446.
LaTeX Font Info:    Overwriting symbol font `letters' in version `bold'
(Font)                  OML/cmm/b/it --> OML/jkp/m/it on input line 446.
LaTeX Font Info:    Overwriting symbol font `letters' in version `rm'
(Font)                  OML/cmm/m/it --> OML/jkp/m/it on input line 446.
LaTeX Font Info:    Overwriting symbol font `letters' in version `boldrm'
(Font)                  OML/cmm/m/it --> OML/jkp/m/it on input line 446.
LaTeX Font Info:    Overwriting symbol font `letters' in version `sf'
(Font)                  OML/cmm/m/it --> OML/jkp/m/it on input line 446.
LaTeX Font Info:    Overwriting symbol font `letters' in version `boldsf'
(Font)                  OML/cmm/m/it --> OML/jkp/m/it on input line 446.
LaTeX Font Info:    Overwriting symbol font `letters' in version `bold'
(Font)                  OML/jkp/m/it --> OML/jkp/bx/it on input line 447.
LaTeX Font Info:    Overwriting symbol font `letters' in version `rm'
(Font)                  OML/jkp/m/it --> OML/jkp/m/it on input line 449.
LaTeX Font Info:    Overwriting symbol font `letters' in version `boldrm'
(Font)                  OML/jkp/m/it --> OML/jkp/bx/it on input line 450.
LaTeX Font Info:    Overwriting symbol font `letters' in version `sf'
(Font)                  OML/jkp/m/it --> OML/jkpss/m/it on input line 451.
LaTeX Font Info:    Overwriting symbol font `letters' in version `boldsf'
(Font)                  OML/jkp/m/it --> OML/jkpss/bx/it on input line 452.
\symlettersA=\mathgroup4
LaTeX Font Info:    Overwriting symbol font `lettersA' in version `bold'
(Font)                  U/jkpmia/m/it --> U/jkpmia/bx/it on input line 462.
LaTeX Font Info:    Overwriting symbol font `lettersA' in version `rm'
(Font)                  U/jkpmia/m/it --> U/jkpmia/m/it on input line 464.
LaTeX Font Info:    Overwriting symbol font `lettersA' in version `boldrm'
(Font)                  U/jkpmia/m/it --> U/jkpmia/bx/it on input line 465.
LaTeX Font Info:    Overwriting symbol font `lettersA' in version `sf'
(Font)                  U/jkpmia/m/it --> U/jkpssmia/m/it on input line 466.
LaTeX Font Info:    Overwriting symbol font `lettersA' in version `boldsf'
(Font)                  U/jkpmia/m/it --> U/jkpssmia/bx/it on input line 467.
LaTeX Font Info:    Redeclaring symbol font `symbols' on input line 479.
LaTeX Font Info:    Overwriting symbol font `symbols' in version `normal'
(Font)                  OMS/cmsy/m/n --> OMS/jkp/m/n on input line 479.
LaTeX Font Info:    Overwriting symbol font `symbols' in version `bold'
(Font)                  OMS/cmsy/b/n --> OMS/jkp/m/n on input line 479.
LaTeX Font Info:    Overwriting symbol font `symbols' in version `rm'
(Font)                  OMS/cmsy/m/n --> OMS/jkp/m/n on input line 479.
LaTeX Font Info:    Overwriting symbol font `symbols' in version `boldrm'
(Font)                  OMS/cmsy/m/n --> OMS/jkp/m/n on input line 479.
LaTeX Font Info:    Overwriting symbol font `symbols' in version `sf'
(Font)                  OMS/cmsy/m/n --> OMS/jkp/m/n on input line 479.
LaTeX Font Info:    Overwriting symbol font `symbols' in version `boldsf'
(Font)                  OMS/cmsy/m/n --> OMS/jkp/m/n on input line 479.
LaTeX Font Info:    Overwriting symbol font `symbols' in version `bold'
(Font)                  OMS/jkp/m/n --> OMS/jkp/bx/n on input line 480.
LaTeX Font Info:    Overwriting symbol font `symbols' in version `rm'
(Font)                  OMS/jkp/m/n --> OMS/jkp/m/n on input line 482.
LaTeX Font Info:    Overwriting symbol font `symbols' in version `boldrm'
(Font)                  OMS/jkp/m/n --> OMS/jkp/bx/n on input line 483.
LaTeX Font Info:    Overwriting symbol font `symbols' in version `sf'
(Font)                  OMS/jkp/m/n --> OMS/jkp/m/n on input line 484.
LaTeX Font Info:    Overwriting symbol font `symbols' in version `boldsf'
(Font)                  OMS/jkp/m/n --> OMS/jkp/bx/n on input line 485.
\symAMSa=\mathgroup5
LaTeX Font Info:    Overwriting symbol font `AMSa' in version `bold'
(Font)                  U/jkpsya/m/n --> U/jkpsya/bx/n on input line 499.
LaTeX Font Info:    Overwriting symbol font `AMSa' in version `rm'
(Font)                  U/jkpsya/m/n --> U/jkpsya/m/n on input line 500.
LaTeX Font Info:    Overwriting symbol font `AMSa' in version `boldrm'
(Font)                  U/jkpsya/m/n --> U/jkpsya/bx/n on input line 501.
LaTeX Font Info:    Overwriting symbol font `AMSa' in version `sf'
(Font)                  U/jkpsya/m/n --> U/jkpsya/m/n on input line 502.
LaTeX Font Info:    Overwriting symbol font `AMSa' in version `boldsf'
(Font)                  U/jkpsya/m/n --> U/jkpsya/bx/n on input line 503.
\symAMSb=\mathgroup6
LaTeX Font Info:    Overwriting symbol font `AMSb' in version `bold'
(Font)                  U/jkpsyb/m/n --> U/jkpsyb/bx/n on input line 552.
LaTeX Font Info:    Overwriting symbol font `AMSb' in version `rm'
(Font)                  U/jkpsyb/m/n --> U/jkpsyb/m/n on input line 553.
LaTeX Font Info:    Overwriting symbol font `AMSb' in version `boldrm'
(Font)                  U/jkpsyb/m/n --> U/jkpsyb/bx/n on input line 554.
LaTeX Font Info:    Overwriting symbol font `AMSb' in version `sf'
(Font)                  U/jkpsyb/m/n --> U/jkpsssyb/m/n on input line 555.
LaTeX Font Info:    Overwriting symbol font `AMSb' in version `boldsf'
(Font)                  U/jkpsyb/m/n --> U/jkpsssyb/bx/n on input line 556.
\symsymbolsC=\mathgroup7
LaTeX Font Info:    Overwriting symbol font `symbolsC' in version `bold'
(Font)                  U/jkpsyc/m/n --> U/jkpsyc/bx/n on input line 572.
LaTeX Font Info:    Overwriting symbol font `symbolsC' in version `rm'
(Font)                  U/jkpsyc/m/n --> U/jkpsyc/m/n on input line 574.
LaTeX Font Info:    Overwriting symbol font `symbolsC' in version `boldrm'
(Font)                  U/jkpsyc/m/n --> U/jkpsyc/bx/n on input line 575.
LaTeX Font Info:    Overwriting symbol font `symbolsC' in version `sf'
(Font)                  U/jkpsyc/m/n --> U/jkpsyc/m/n on input line 576.
LaTeX Font Info:    Overwriting symbol font `symbolsC' in version `boldsf'
(Font)                  U/jkpsyc/m/n --> U/jkpsyc/bx/n on input line 577.
LaTeX Font Info:    Overwriting math alphabet `\mathscr' in version `bold'
(Font)                  U/jkpsyd/m/n --> U/jkpsyd/bx/n on input line 606.
LaTeX Font Info:    Overwriting math alphabet `\mathscr' in version `rm'
(Font)                  U/jkpsyd/m/n --> U/jkpsyd/m/n on input line 608.
LaTeX Font Info:    Overwriting math alphabet `\mathscr' in version `boldrm'
(Font)                  U/jkpsyd/m/n --> U/jkpsyd/bx/n on input line 609.
LaTeX Font Info:    Overwriting math alphabet `\mathscr' in version `sf'
(Font)                  U/jkpsyd/m/n --> U/jkpsyd/m/n on input line 610.
LaTeX Font Info:    Overwriting math alphabet `\mathscr' in version `boldsf'
(Font)                  U/jkpsyd/m/n --> U/jkpsyd/bx/n on input line 611.
LaTeX Font Info:    Redeclaring symbol font `largesymbols' on input line 621.
LaTeX Font Info:    Overwriting symbol font `largesymbols' in version `normal'
(Font)                  OMX/cmex/m/n --> OMX/jkp/m/n on input line 621.
LaTeX Font Info:    Overwriting symbol font `largesymbols' in version `bold'
(Font)                  OMX/cmex/m/n --> OMX/jkp/m/n on input line 621.
LaTeX Font Info:    Overwriting symbol font `largesymbols' in version `rm'
(Font)                  OMX/cmex/m/n --> OMX/jkp/m/n on input line 621.
LaTeX Font Info:    Overwriting symbol font `largesymbols' in version `boldrm'
(Font)                  OMX/cmex/m/n --> OMX/jkp/m/n on input line 621.
LaTeX Font Info:    Overwriting symbol font `largesymbols' in version `sf'
(Font)                  OMX/cmex/m/n --> OMX/jkp/m/n on input line 621.
LaTeX Font Info:    Overwriting symbol font `largesymbols' in version `boldsf'
(Font)                  OMX/cmex/m/n --> OMX/jkp/m/n on input line 621.
LaTeX Font Info:    Overwriting symbol font `largesymbols' in version `bold'
(Font)                  OMX/jkp/m/n --> OMX/jkp/bx/n on input line 622.
LaTeX Font Info:    Overwriting symbol font `largesymbols' in version `rm'
(Font)                  OMX/jkp/m/n --> OMX/jkp/m/n on input line 624.
LaTeX Font Info:    Overwriting symbol font `largesymbols' in version `boldrm'
(Font)                  OMX/jkp/m/n --> OMX/jkp/bx/n on input line 625.
LaTeX Font Info:    Overwriting symbol font `largesymbols' in version `sf'
(Font)                  OMX/jkp/m/n --> OMX/jkpss/m/n on input line 626.
LaTeX Font Info:    Overwriting symbol font `largesymbols' in version `boldsf'
(Font)                  OMX/jkp/m/n --> OMX/jkpss/bx/n on input line 627.
\symlargesymbolsA=\mathgroup8
LaTeX Font Info:    Overwriting symbol font `largesymbolsA' in version `bold'
(Font)                  U/jkpexa/m/n --> U/jkpexa/bx/n on input line 638.
LaTeX Font Info:    Overwriting symbol font `largesymbolsA' in version `rm'
(Font)                  U/jkpexa/m/n --> U/jkpexa/m/n on input line 640.
LaTeX Font Info:    Overwriting symbol font `largesymbolsA' in version `boldrm'

(Font)                  U/jkpexa/m/n --> U/jkpexa/bx/n on input line 641.
LaTeX Font Info:    Overwriting symbol font `largesymbolsA' in version `sf'
(Font)                  U/jkpexa/m/n --> U/jkpexa/m/n on input line 642.
LaTeX Font Info:    Overwriting symbol font `largesymbolsA' in version `boldsf'

(Font)                  U/jkpexa/m/n --> U/jkpexa/bx/n on input line 643.
LaTeX Font Info:    Redeclaring math symbol \hbar on input line 963.
LaTeX Info: Redefining \not on input line 1603.
)
(C:\Miktex\tex/latex/graphics\graphicx.sty
Package: graphicx 2021/09/16 v1.2d Enhanced LaTeX Graphics (DPC,SPQR)

(C:\Miktex\tex/latex/graphics\keyval.sty
Package: keyval 2022/05/29 v1.15 key=value parser (DPC)
\KV@toks@=\toks24
)
(C:\Miktex\tex/latex/graphics\graphics.sty
Package: graphics 2022/03/10 v1.4e Standard LaTeX Graphics (DPC,SPQR)

(C:\Miktex\tex/latex/graphics\trig.sty
Package: trig 2021/08/11 v1.11 sin cos tan (DPC)
)
(C:\Miktex\tex/latex/graphics-cfg\graphics.cfg
File: graphics.cfg 2016/06/04 v1.11 sample graphics configuration
)
Package graphics Info: Driver file: pdftex.def on input line 107.
)
\Gin@req@height=\dimen156
\Gin@req@width=\dimen157
)
(C:\Miktex\tex/latex/eso-pic\eso-pic.sty
Package: eso-pic 2023/03/23 v3.0b eso-pic (RN)
\ESO@tempdima=\dimen158
\ESO@tempdimb=\dimen159
)
(C:\Miktex\tex/latex/subfig\subfig.sty
Package: subfig 2005/06/28 ver: 1.3 subfig package
 (C:\Miktex\tex/latex/caption\caption.sty
Package: caption 2022/03/01 v3.6b Customizing captions (AR)
(C:\Miktex\tex/latex/caption\caption3.sty
Package: caption3 2022/03/17 v2.3b caption3 kernel (AR)
\caption@tempdima=\dimen160
\captionmargin=\dimen161
\caption@leftmargin=\dimen162
\caption@rightmargin=\dimen163
\caption@width=\dimen164
\caption@indent=\dimen165
\caption@parindent=\dimen166
\caption@hangindent=\dimen167
Package caption Info: Standard document class detected.
)
\c@caption@flags=\count281
\c@continuedfloat=\count282
)
\c@KVtest=\count283
\sf@farskip=\skip54
\sf@captopadj=\dimen168
\sf@capskip=\skip55
\sf@nearskip=\skip56
\c@subfigure=\count284
\c@subfigure@save=\count285
\c@lofdepth=\count286
\c@subtable=\count287
\c@subtable@save=\count288
\c@lotdepth=\count289
\sf@top=\skip57
\sf@bottom=\skip58
)
(C:\Miktex\tex/latex/transparent\transparent.sty
Package: transparent 2022-10-27 v1.5 Transparency with color stacks

(C:\Miktex\tex/latex/transparent\transparent-nometadata.sty
Package: transparent-nometadata 2022-10-27 v1.5 Transparency via pdfTeX's color
 stack (HO)

(C:\Miktex\tex/latex/auxhook\auxhook.sty
Package: auxhook 2019-12-17 v1.6 Hooks for auxiliary files (HO)
)))
(C:\Miktex\tex/latex/amscls\amsthm.sty
Package: amsthm 2020/05/29 v2.20.6
\thm@style=\toks25
\thm@bodyfont=\toks26
\thm@headfont=\toks27
\thm@notefont=\toks28
\thm@headpunct=\toks29
\thm@preskip=\skip59
\thm@postskip=\skip60
\thm@headsep=\skip61
\dth@everypar=\toks30
) (C:\Miktex\tex/latex/tools\bm.sty
Package: bm 2022/01/05 v1.2f Bold Symbol Support (DPC/FMi)
\symboldoperators=\mathgroup9
\symboldletters=\mathgroup10
\symboldsymbols=\mathgroup11
\symboldlargesymbols=\mathgroup12
LaTeX Font Info:    Redeclaring math alphabet \mathbf on input line 149.
)
(C:\Miktex\tex/latex/mathtools\empheq.sty
Package: empheq 2017/03/31 v2.15 Emphasizing equations

(C:\Miktex\tex/latex/mathtools\mhsetup.sty
Package: mhsetup 2021/03/18 v1.4 programming setup (MH)
)
(C:\Miktex\tex/latex/mathtools\mathtools.sty
Package: mathtools 2022/06/29 v1.29 mathematical typesetting tools

(C:\Miktex\tex/latex/tools\calc.sty
Package: calc 2017/05/25 v4.3 Infix arithmetic (KKT,FJ)
\calc@Acount=\count290
\calc@Bcount=\count291
\calc@Adimen=\dimen169
\calc@Bdimen=\dimen170
\calc@Askip=\skip62
\calc@Bskip=\skip63
LaTeX Info: Redefining \setlength on input line 80.
LaTeX Info: Redefining \addtolength on input line 81.
\calc@Ccount=\count292
\calc@Cskip=\skip64
)
\g_MT_multlinerow_int=\count293
\l_MT_multwidth_dim=\dimen171
\origjot=\skip65
\l_MT_shortvdotswithinadjustabove_dim=\dimen172
\l_MT_shortvdotswithinadjustbelow_dim=\dimen173
\l_MT_above_intertext_sep=\dimen174
\l_MT_below_intertext_sep=\dimen175
\l_MT_above_shortintertext_sep=\dimen176
\l_MT_below_shortintertext_sep=\dimen177
\xmathstrut@box=\box54
\xmathstrut@dim=\dimen178
)
\l_EQ_equationtype_int=\count294
\l_EQ_alignmentmode_int=\count295
\l_EQ_totalwidth_dim=\dimen179
\l_EQ_displaywidth_dim=\dimen180
\l_EQ_temp_linewidth_dim=\dimen181
\l_EQ_linewidth_dim=\dimen182
\EmphEqdelimitershortfall=\dimen183
\EmphEqdelimiterfactor=\count296
\g_EQ_toptag_height_dim=\dimen184
\g_EQ_bottomtag_depth_dim=\dimen185
\g_EQ_toprow_height_dim=\dimen186
\g_EQ_bottomrow_depth_dim=\dimen187
\g_EQ_widesttag_dim=\dimen188
\EQ_mathdisplay_box=\box55
\EQ_tag_box=\box56
\g_EQ_temprow_int=\count297
) (C:\Miktex\tex/latex/tools\tabularx.sty
Package: tabularx 2020/01/15 v2.11c `tabularx' package (DPC)

(C:\Miktex\tex/latex/tools\array.sty
Package: array 2022/03/10 v2.5f Tabular extension package (FMi)
\col@sep=\dimen189
\ar@mcellbox=\box57
\extrarowheight=\dimen190
\NC@list=\toks31
\extratabsurround=\skip66
\backup@length=\skip67
\ar@cellbox=\box58
)
\TX@col@width=\dimen191
\TX@old@table=\dimen192
\TX@old@col=\dimen193
\TX@target=\dimen194
\TX@delta=\dimen195
\TX@cols=\count298
\TX@ftn=\toks32
) (C:\Miktex\tex/latex/tools\longtable.sty
Package: longtable 2021-09-01 v4.17 Multi-page Table package (DPC)
\LTleft=\skip68
\LTright=\skip69
\LTpre=\skip70
\LTpost=\skip71
\LTchunksize=\count299
\LTcapwidth=\dimen196
\LT@head=\box59
\LT@firsthead=\box60
\LT@foot=\box61
\LT@lastfoot=\box62
\LT@gbox=\box63
\LT@cols=\count300
\LT@rows=\count301
\c@LT@tables=\count302
\c@LT@chunks=\count303
\LT@p@ftn=\toks33
) (C:\Miktex\tex/latex/colortbl\colortbl.sty
Package: colortbl 2022/06/20 v1.0f Color table columns (DPC)
\everycr=\toks34
\minrowclearance=\skip72
\rownum=\count304
)
(C:\Miktex\tex/latex/algorithms\algorithm.sty
Package: algorithm 2009/08/24 v0.1 Document Style `algorithm' - floating enviro
nment

(C:\Miktex\tex/latex/float\float.sty
Package: float 2001/11/08 v1.3d Float enhancements (AL)
\c@float@type=\count305
\float@exts=\toks35
\float@box=\box64
\@float@everytoks=\toks36
\@floatcapt=\box65
) (C:\Miktex\tex/latex/base\ifthen.sty
Package: ifthen 2022/04/13 v1.1d Standard LaTeX ifthen package (DPC)
)
\@float@every@algorithm=\toks37
\c@algorithm=\count306
)
(C:\Miktex\tex/latex/algorithms\algorithmic.sty
Package: algorithmic 2009/08/24 v0.1 Document Style `algorithmic'
\c@ALC@unique=\count307
\c@ALC@line=\count308
\c@ALC@rem=\count309
\c@ALC@depth=\count310
\ALC@tlm=\skip73
\algorithmicindent=\skip74
)
(C:\Miktex\tex/latex/hyperref\hyperref.sty
Package: hyperref 2022-09-22 v7.00t Hypertext links for LaTeX

(C:\Miktex\tex/generic/ltxcmds\ltxcmds.sty
Package: ltxcmds 2020-05-10 v1.25 LaTeX kernel commands for general use (HO)
)
(C:\Miktex\tex/generic/pdftexcmds\pdftexcmds.sty
Package: pdftexcmds 2020-06-27 v0.33 Utility functions of pdfTeX for LuaTeX (HO
)

(C:\Miktex\tex/generic/infwarerr\infwarerr.sty
Package: infwarerr 2019/12/03 v1.5 Providing info/warning/error messages (HO)
)
Package pdftexcmds Info: \pdf@primitive is available.
Package pdftexcmds Info: \pdf@ifprimitive is available.
Package pdftexcmds Info: \pdfdraftmode found.
)
(C:\Miktex\tex/latex/kvsetkeys\kvsetkeys.sty
Package: kvsetkeys 2022-10-05 v1.19 Key value parser (HO)
)
(C:\Miktex\tex/generic/kvdefinekeys\kvdefinekeys.sty
Package: kvdefinekeys 2019-12-19 v1.6 Define keys (HO)
)
(C:\Miktex\tex/generic/pdfescape\pdfescape.sty
Package: pdfescape 2019/12/09 v1.15 Implements pdfTeX's escape features (HO)
)
(C:\Miktex\tex/latex/hycolor\hycolor.sty
Package: hycolor 2020-01-27 v1.10 Color options for hyperref/bookmark (HO)
)
(C:\Miktex\tex/latex/letltxmacro\letltxmacro.sty
Package: letltxmacro 2019/12/03 v1.6 Let assignment for LaTeX macros (HO)
)
(C:\Miktex\tex/latex/hyperref\nameref.sty
Package: nameref 2022-05-17 v2.50 Cross-referencing by name of section

(C:\Miktex\tex/latex/refcount\refcount.sty
Package: refcount 2019/12/15 v3.6 Data extraction from label references (HO)
)
(C:\Miktex\tex/generic/gettitlestring\gettitlestring.sty
Package: gettitlestring 2019/12/15 v1.6 Cleanup title references (HO)

(C:\Miktex\tex/latex/kvoptions\kvoptions.sty
Package: kvoptions 2022-06-15 v3.15 Key value format for package options (HO)
))
\c@section@level=\count311
)
\@linkdim=\dimen197
\Hy@linkcounter=\count312
\Hy@pagecounter=\count313

(C:\Miktex\tex/latex/hyperref\pd1enc.def
File: pd1enc.def 2022-09-22 v7.00t Hyperref: PDFDocEncoding definition (HO)
Now handling font encoding PD1 ...
... no UTF-8 mapping file for font encoding PD1
)
(C:\Miktex\tex/generic/intcalc\intcalc.sty
Package: intcalc 2019/12/15 v1.3 Expandable calculations with integers (HO)
)
(C:\Miktex\tex/generic/etexcmds\etexcmds.sty
Package: etexcmds 2019/12/15 v1.7 Avoid name clashes with e-TeX commands (HO)
)
\Hy@SavedSpaceFactor=\count314

(C:\Miktex\tex/latex/hyperref\puenc.def
File: puenc.def 2022-09-22 v7.00t Hyperref: PDF Unicode definition (HO)
Now handling font encoding PU ...
... no UTF-8 mapping file for font encoding PU
)
Package hyperref Info: Option `colorlinks' set `true' on input line 4045.
Package hyperref Info: Hyper figures OFF on input line 4162.
Package hyperref Info: Link nesting OFF on input line 4167.
Package hyperref Info: Hyper index ON on input line 4170.
Package hyperref Info: Plain pages OFF on input line 4177.
Package hyperref Info: Backreferencing OFF on input line 4182.
Package hyperref Info: Implicit mode ON; LaTeX internals redefined.
Package hyperref Info: Bookmarks ON on input line 4410.
\c@Hy@tempcnt=\count315
 (C:\Miktex\tex/latex/url\url.sty
\Urlmuskip=\muskip17
Package: url 2013/09/16  ver 3.4  Verb mode for urls, etc.
)
LaTeX Info: Redefining \url on input line 4748.
\XeTeXLinkMargin=\dimen198

(C:\Miktex\tex/generic/bitset\bitset.sty
Package: bitset 2019/12/09 v1.3 Handle bit-vector datatype (HO)

(C:\Miktex\tex/generic/bigintcalc\bigintcalc.sty
Package: bigintcalc 2019/12/15 v1.5 Expandable calculations on big integers (HO
)
))
\Fld@menulength=\count316
\Field@Width=\dimen199
\Fld@charsize=\dimen256
Package hyperref Info: Hyper figures OFF on input line 6027.
Package hyperref Info: Link nesting OFF on input line 6032.
Package hyperref Info: Hyper index ON on input line 6035.
Package hyperref Info: backreferencing OFF on input line 6042.
Package hyperref Info: Link coloring ON on input line 6045.
Package hyperref Info: Link coloring with OCG OFF on input line 6052.
Package hyperref Info: PDF/A mode OFF on input line 6057.

(C:\Miktex\tex/latex/base\atbegshi-ltx.sty
Package: atbegshi-ltx 2021/01/10 v1.0c Emulation of the original atbegshi
package with kernel methods
)
\Hy@abspage=\count317
\c@Item=\count318
\c@Hfootnote=\count319
)
Package hyperref Info: Driver (autodetected): hpdftex.

(C:\Miktex\tex/latex/hyperref\hpdftex.def
File: hpdftex.def 2022-09-22 v7.00t Hyperref driver for pdfTeX

(C:\Miktex\tex/latex/base\atveryend-ltx.sty
Package: atveryend-ltx 2020/08/19 v1.0a Emulation of the original atveryend pac
kage
with kernel methods
)
\Fld@listcount=\count320
\c@bookmark@seq@number=\count321

(C:\Miktex\tex/latex/rerunfilecheck\rerunfilecheck.sty
Package: rerunfilecheck 2022-07-10 v1.10 Rerun checks for auxiliary files (HO)

(C:\Miktex\tex/generic/uniquecounter\uniquecounter.sty
Package: uniquecounter 2019/12/15 v1.4 Provide unlimited unique counter (HO)
)
Package uniquecounter Info: New unique counter `rerunfilecheck' on input line 2
85.
)
\Hy@SectionHShift=\skip75
)
(C:\Miktex\tex/latex/cleveref\cleveref.sty
Package: cleveref 2018/03/27 v0.21.4 Intelligent cross-referencing
Package cleveref Info: `hyperref' support loaded on input line 2370.
LaTeX Info: Redefining \cref on input line 2370.
LaTeX Info: Redefining \Cref on input line 2370.
LaTeX Info: Redefining \crefrange on input line 2370.
LaTeX Info: Redefining \Crefrange on input line 2370.
LaTeX Info: Redefining \cpageref on input line 2370.
LaTeX Info: Redefining \Cpageref on input line 2370.
LaTeX Info: Redefining \cpagerefrange on input line 2370.
LaTeX Info: Redefining \Cpagerefrange on input line 2370.
LaTeX Info: Redefining \labelcref on input line 2370.
LaTeX Info: Redefining \labelcpageref on input line 2370.
Package cleveref Info: `amsthm' support loaded on input line 3026.
Package cleveref Info: `subfig' support loaded on input line 3164.
)
(C:\Miktex\tex/latex/natbib\natbib.sty
Package: natbib 2010/09/13 8.31b (PWD, AO)
\bibhang=\skip76
\bibsep=\skip77
LaTeX Info: Redefining \cite on input line 694.
\c@NAT@ctr=\count322
)
(C:\Miktex\tex/latex/appendix\appendix.sty
Package: appendix 2020/02/08 v1.2c extra appendix facilities
\c@@pps=\count323
\c@@ppsavesec=\count324
\c@@ppsaveapp=\count325
)
(C:\Miktex\tex/latex/enumitem\enumitem.sty
Package: enumitem 2019/06/20 v3.9 Customized lists
\labelindent=\skip78
\enit@outerparindent=\dimen257
\enit@toks=\toks38
\enit@inbox=\box66
\enit@count@id=\count326
\enitdp@description=\count327
)
(C:\Miktex\tex/latex/thmtools\thmtools.sty
Package: thmtools 2023/02/17 v0.75
\thmt@toks=\toks39
\c@thmt@dummyctr=\count328

(C:\Miktex\tex/latex/thmtools\thm-patch.sty
Package: thm-patch 2023/02/17 v0.75

(C:\Miktex\tex/latex/thmtools\parseargs.sty
Package: parseargs 2023/02/17 v0.75
\@parsespec=\toks40
))
(C:\Miktex\tex/latex/thmtools\thm-kv.sty
Package: thm-kv 2023/02/17 v0.75
Package thm-kv Info: Theorem names will be uppercased on input line 42.
Package thm-kv Info: kvsetkeys patch (v1.16 or later) on input line 158.
)
(C:\Miktex\tex/latex/thmtools\thm-autoref.sty
Package: thm-autoref 2023/02/17 v0.75

(C:\Miktex\tex/latex/thmtools\aliasctr.sty
Package: aliasctr 2023/02/17 v0.75
))
(C:\Miktex\tex/latex/thmtools\thm-listof.sty
Package: thm-listof 2023/02/17 v0.75
)
(C:\Miktex\tex/latex/thmtools\thm-restate.sty
Package: thm-restate 2023/02/17 v0.75
)
(C:\Miktex\tex/latex/thmtools\thm-amsthm.sty
Package: thm-amsthm 2023/02/17 v0.75
\thmt@style@headstyle=\toks41
))
(C:\Miktex\tex/latex/xcolor\xcolor.sty
Package: xcolor 2022/06/12 v2.14 LaTeX color extensions (UK)

(C:\Miktex\tex/latex/graphics-cfg\color.cfg
File: color.cfg 2016/01/02 v1.6 sample color configuration
)
Package xcolor Info: Driver file: pdftex.def on input line 227.
LaTeX Info: Redefining \color on input line 711.

(C:\Miktex\tex/latex/graphics\mathcolor.ltx)
Package xcolor Info: Model `cmy' substituted by `cmy0' on input line 1353.
Package xcolor Info: Model `hsb' substituted by `rgb' on input line 1357.
Package xcolor Info: Model `RGB' extended on input line 1369.
Package xcolor Info: Model `HTML' substituted by `rgb' on input line 1371.
Package xcolor Info: Model `Hsb' substituted by `hsb' on input line 1372.
Package xcolor Info: Model `tHsb' substituted by `hsb' on input line 1373.
Package xcolor Info: Model `HSB' substituted by `hsb' on input line 1374.
Package xcolor Info: Model `Gray' substituted by `gray' on input line 1375.
Package xcolor Info: Model `wave' substituted by `hsb' on input line 1376.
)
(C:\Miktex\tex/latex/comment\comment.sty
\CommentStream=\write3
 Excluding comment 'comment')
(C:\Miktex\tex/latex/fancyhdr\fancyhdr.sty
Package: fancyhdr 2022/11/09 v4.1 Extensive control of page headers and footers

\f@nch@headwidth=\skip79
\f@nch@O@elh=\skip80
\f@nch@O@erh=\skip81
\f@nch@O@olh=\skip82
\f@nch@O@orh=\skip83
\f@nch@O@elf=\skip84
\f@nch@O@erf=\skip85
\f@nch@O@olf=\skip86
\f@nch@O@orf=\skip87
)
(C:\Miktex\tex/latex/lipsum\lipsum.sty
(C:\Miktex\tex/latex/l3packages/l3keys2e\l3keys2e.sty
(C:\Miktex\tex/latex/l3kernel\expl3.sty
Package: expl3 2022-09-28 L3 programming layer (loader) 

(C:\Miktex\tex/latex/l3backend\l3backend-pdftex.def
File: l3backend-pdftex.def 2022-09-28 L3 backend support: PDF output (pdfTeX)
\l__color_backend_stack_int=\count329
\l__pdf_internal_box=\box67
))
Package: l3keys2e 2022-06-22 LaTeX2e option processing using LaTeX3 keys
)
Package: lipsum 2021-09-20 v2.7 150 paragraphs of Lorem Ipsum dummy text
\g__lipsum_par_int=\count330
\l__lipsum_a_int=\count331
\l__lipsum_b_int=\count332

(C:\Miktex\tex/latex/lipsum\lipsum.ltd.tex))
(C:\Miktex\tex/latex/tcolorbox\tcolorbox.sty
Package: tcolorbox 2022/06/24 version 5.1.1 text color boxes

(C:\Miktex\tex/latex/pgf/basiclayer\pgf.sty
(C:\Miktex\tex/latex/pgf/utilities\pgfrcs.sty
(C:\Miktex\tex/generic/pgf/utilities\pgfutil-common.tex
\pgfutil@everybye=\toks42
\pgfutil@tempdima=\dimen258
\pgfutil@tempdimb=\dimen259

(C:\Miktex\tex/generic/pgf/utilities\pgfutil-common-lists.tex))
(C:\Miktex\tex/generic/pgf/utilities\pgfutil-latex.def
\pgfutil@abb=\box68
)
(C:\Miktex\tex/generic/pgf/utilities\pgfrcs.code.tex
(C:\Miktex\tex/generic/pgf\pgf.revision.tex)
Package: pgfrcs 2021/05/15 v3.1.9a (3.1.9a)
))
Package: pgf 2021/05/15 v3.1.9a (3.1.9a)

(C:\Miktex\tex/latex/pgf/basiclayer\pgfcore.sty
(C:\Miktex\tex/latex/pgf/systemlayer\pgfsys.sty
(C:\Miktex\tex/generic/pgf/systemlayer\pgfsys.code.tex
Package: pgfsys 2021/05/15 v3.1.9a (3.1.9a)

(C:\Miktex\tex/generic/pgf/utilities\pgfkeys.code.tex
\pgfkeys@pathtoks=\toks43
\pgfkeys@temptoks=\toks44

(C:\Miktex\tex/generic/pgf/utilities\pgfkeysfiltered.code.tex
\pgfkeys@tmptoks=\toks45
))
\pgf@x=\dimen260
\pgf@y=\dimen261
\pgf@xa=\dimen262
\pgf@ya=\dimen263
\pgf@xb=\dimen264
\pgf@yb=\dimen265
\pgf@xc=\dimen266
\pgf@yc=\dimen267
\pgf@xd=\dimen268
\pgf@yd=\dimen269
\w@pgf@writea=\write4
\r@pgf@reada=\read3
\c@pgf@counta=\count333
\c@pgf@countb=\count334
\c@pgf@countc=\count335
\c@pgf@countd=\count336
\t@pgf@toka=\toks46
\t@pgf@tokb=\toks47
\t@pgf@tokc=\toks48
\pgf@sys@id@count=\count337

(C:\Miktex\tex/generic/pgf/systemlayer\pgf.cfg
File: pgf.cfg 2021/05/15 v3.1.9a (3.1.9a)
)
Driver file for pgf: pgfsys-pdftex.def

(C:\Miktex\tex/generic/pgf/systemlayer\pgfsys-pdftex.def
File: pgfsys-pdftex.def 2021/05/15 v3.1.9a (3.1.9a)

(C:\Miktex\tex/generic/pgf/systemlayer\pgfsys-common-pdf.def
File: pgfsys-common-pdf.def 2021/05/15 v3.1.9a (3.1.9a)
)))
(C:\Miktex\tex/generic/pgf/systemlayer\pgfsyssoftpath.code.tex
File: pgfsyssoftpath.code.tex 2021/05/15 v3.1.9a (3.1.9a)
\pgfsyssoftpath@smallbuffer@items=\count338
\pgfsyssoftpath@bigbuffer@items=\count339
)
(C:\Miktex\tex/generic/pgf/systemlayer\pgfsysprotocol.code.tex
File: pgfsysprotocol.code.tex 2021/05/15 v3.1.9a (3.1.9a)
))
(C:\Miktex\tex/generic/pgf/basiclayer\pgfcore.code.tex
Package: pgfcore 2021/05/15 v3.1.9a (3.1.9a)

(C:\Miktex\tex/generic/pgf/math\pgfmath.code.tex
(C:\Miktex\tex/generic/pgf/math\pgfmathcalc.code.tex
(C:\Miktex\tex/generic/pgf/math\pgfmathutil.code.tex)
(C:\Miktex\tex/generic/pgf/math\pgfmathparser.code.tex
\pgfmath@dimen=\dimen270
\pgfmath@count=\count340
\pgfmath@box=\box69
\pgfmath@toks=\toks49
\pgfmath@stack@operand=\toks50
\pgfmath@stack@operation=\toks51
)
(C:\Miktex\tex/generic/pgf/math\pgfmathfunctions.code.tex
(C:\Miktex\tex/generic/pgf/math\pgfmathfunctions.basic.code.tex)
(C:\Miktex\tex/generic/pgf/math\pgfmathfunctions.trigonometric.code.tex)
(C:\Miktex\tex/generic/pgf/math\pgfmathfunctions.random.code.tex)
(C:\Miktex\tex/generic/pgf/math\pgfmathfunctions.comparison.code.tex)
(C:\Miktex\tex/generic/pgf/math\pgfmathfunctions.base.code.tex)
(C:\Miktex\tex/generic/pgf/math\pgfmathfunctions.round.code.tex)
(C:\Miktex\tex/generic/pgf/math\pgfmathfunctions.misc.code.tex)
(C:\Miktex\tex/generic/pgf/math\pgfmathfunctions.integerarithmetics.code.tex)))
(C:\Miktex\tex/generic/pgf/math\pgfmathfloat.code.tex
\c@pgfmathroundto@lastzeros=\count341
))
(C:\Miktex\tex/generic/pgf/math\pgfint.code.tex)
(C:\Miktex\tex/generic/pgf/basiclayer\pgfcorepoints.code.tex
File: pgfcorepoints.code.tex 2021/05/15 v3.1.9a (3.1.9a)
\pgf@picminx=\dimen271
\pgf@picmaxx=\dimen272
\pgf@picminy=\dimen273
\pgf@picmaxy=\dimen274
\pgf@pathminx=\dimen275
\pgf@pathmaxx=\dimen276
\pgf@pathminy=\dimen277
\pgf@pathmaxy=\dimen278
\pgf@xx=\dimen279
\pgf@xy=\dimen280
\pgf@yx=\dimen281
\pgf@yy=\dimen282
\pgf@zx=\dimen283
\pgf@zy=\dimen284
)
(C:\Miktex\tex/generic/pgf/basiclayer\pgfcorepathconstruct.code.tex
File: pgfcorepathconstruct.code.tex 2021/05/15 v3.1.9a (3.1.9a)
\pgf@path@lastx=\dimen285
\pgf@path@lasty=\dimen286
)
(C:\Miktex\tex/generic/pgf/basiclayer\pgfcorepathusage.code.tex
File: pgfcorepathusage.code.tex 2021/05/15 v3.1.9a (3.1.9a)
\pgf@shorten@end@additional=\dimen287
\pgf@shorten@start@additional=\dimen288
)
(C:\Miktex\tex/generic/pgf/basiclayer\pgfcorescopes.code.tex
File: pgfcorescopes.code.tex 2021/05/15 v3.1.9a (3.1.9a)
\pgfpic=\box70
\pgf@hbox=\box71
\pgf@layerbox@main=\box72
\pgf@picture@serial@count=\count342
)
(C:\Miktex\tex/generic/pgf/basiclayer\pgfcoregraphicstate.code.tex
File: pgfcoregraphicstate.code.tex 2021/05/15 v3.1.9a (3.1.9a)
\pgflinewidth=\dimen289
)
(C:\Miktex\tex/generic/pgf/basiclayer\pgfcoretransformations.code.tex
File: pgfcoretransformations.code.tex 2021/05/15 v3.1.9a (3.1.9a)
\pgf@pt@x=\dimen290
\pgf@pt@y=\dimen291
\pgf@pt@temp=\dimen292
)
(C:\Miktex\tex/generic/pgf/basiclayer\pgfcorequick.code.tex
File: pgfcorequick.code.tex 2021/05/15 v3.1.9a (3.1.9a)
)
(C:\Miktex\tex/generic/pgf/basiclayer\pgfcoreobjects.code.tex
File: pgfcoreobjects.code.tex 2021/05/15 v3.1.9a (3.1.9a)
)
(C:\Miktex\tex/generic/pgf/basiclayer\pgfcorepathprocessing.code.tex
File: pgfcorepathprocessing.code.tex 2021/05/15 v3.1.9a (3.1.9a)
)
(C:\Miktex\tex/generic/pgf/basiclayer\pgfcorearrows.code.tex
File: pgfcorearrows.code.tex 2021/05/15 v3.1.9a (3.1.9a)
\pgfarrowsep=\dimen293
)
(C:\Miktex\tex/generic/pgf/basiclayer\pgfcoreshade.code.tex
File: pgfcoreshade.code.tex 2021/05/15 v3.1.9a (3.1.9a)
\pgf@max=\dimen294
\pgf@sys@shading@range@num=\count343
\pgf@shadingcount=\count344
)
(C:\Miktex\tex/generic/pgf/basiclayer\pgfcoreimage.code.tex
File: pgfcoreimage.code.tex 2021/05/15 v3.1.9a (3.1.9a)

(C:\Miktex\tex/generic/pgf/basiclayer\pgfcoreexternal.code.tex
File: pgfcoreexternal.code.tex 2021/05/15 v3.1.9a (3.1.9a)
\pgfexternal@startupbox=\box73
))
(C:\Miktex\tex/generic/pgf/basiclayer\pgfcorelayers.code.tex
File: pgfcorelayers.code.tex 2021/05/15 v3.1.9a (3.1.9a)
)
(C:\Miktex\tex/generic/pgf/basiclayer\pgfcoretransparency.code.tex
File: pgfcoretransparency.code.tex 2021/05/15 v3.1.9a (3.1.9a)
)
(C:\Miktex\tex/generic/pgf/basiclayer\pgfcorepatterns.code.tex
File: pgfcorepatterns.code.tex 2021/05/15 v3.1.9a (3.1.9a)
)
(C:\Miktex\tex/generic/pgf/basiclayer\pgfcorerdf.code.tex
File: pgfcorerdf.code.tex 2021/05/15 v3.1.9a (3.1.9a)
)))
(C:\Miktex\tex/generic/pgf/modules\pgfmoduleshapes.code.tex
File: pgfmoduleshapes.code.tex 2021/05/15 v3.1.9a (3.1.9a)
\pgfnodeparttextbox=\box74
)
(C:\Miktex\tex/generic/pgf/modules\pgfmoduleplot.code.tex
File: pgfmoduleplot.code.tex 2021/05/15 v3.1.9a (3.1.9a)
)
(C:\Miktex\tex/latex/pgf/compatibility\pgfcomp-version-0-65.sty
Package: pgfcomp-version-0-65 2021/05/15 v3.1.9a (3.1.9a)
\pgf@nodesepstart=\dimen295
\pgf@nodesepend=\dimen296
)
(C:\Miktex\tex/latex/pgf/compatibility\pgfcomp-version-1-18.sty
Package: pgfcomp-version-1-18 2021/05/15 v3.1.9a (3.1.9a)
))
(C:\Miktex\tex/latex/tools\verbatim.sty
Package: verbatim 2020-07-07 v1.5u LaTeX2e package for verbatim enhancements
\every@verbatim=\toks52
\verbatim@line=\toks53
\verbatim@in@stream=\read4
)
(C:\Miktex\tex/latex/environ\environ.sty
Package: environ 2014/05/04 v0.3 A new way to define environments

(C:\Miktex\tex/latex/trimspaces\trimspaces.sty
Package: trimspaces 2009/09/17 v1.1 Trim spaces around a token list
))
\tcb@titlebox=\box75
\tcb@upperbox=\box76
\tcb@lowerbox=\box77
\tcb@phantombox=\box78
\c@tcbbreakpart=\count345
\c@tcblayer=\count346
\c@tcolorbox@number=\count347
\tcb@temp=\box79
\tcb@temp=\box80
\tcb@temp=\box81
\tcb@temp=\box82
)
(C:\Miktex\tex/latex/sttools\stfloats.sty
Package: stfloats 2017/03/27 v3.3 Improve float mechanism and baselineskip sett
ings
\@dblbotnum=\count348
\c@dblbotnumber=\count349
)
(C:\Miktex\tex/latex/sttools\cuted.sty
Package: cuted 2021/10/04 v2.0 Mixing onecolumn and twocolumn modes
\At@ViperColsBreak=\toks54
\preCutedStrip=\toks55
\postCutedStrip=\toks56
\cuted@@tempbox@a=\box83
\cuted@@tempbox@c=\box84
\cuted@@tempbox@var=\box85
\hold@viper=\box86
\@viper=\box87
\cuted@@varbox@a=\box88
\cuted@@varbox@c=\box89
\cuted@@tempdim@spread=\dimen297
\cuted@@tempdim@a=\dimen298
\cuted@@tempdim@b=\dimen299
\ht@hold@viper=\dimen300
\ht@viper=\dimen301
\var@@pagediscards@ht=\dimen302
\stripsep=\skip88
\viper@penalty=\count350
) (Configuration_files/config.tex
(C:\Miktex\tex/latex/geometry\geometry.sty
Package: geometry 2020/01/02 v5.9 Page Geometry

(C:\Miktex\tex/generic/iftex\ifvtex.sty
Package: ifvtex 2019/10/25 v1.7 ifvtex legacy package. Use iftex instead.
)
\Gm@cnth=\count351
\Gm@cntv=\count352
\c@Gm@tempcnt=\count353
\Gm@bindingoffset=\dimen303
\Gm@wd@mp=\dimen304
\Gm@odd@mp=\dimen305
\Gm@even@mp=\dimen306
\Gm@layoutwidth=\dimen307
\Gm@layoutheight=\dimen308
\Gm@layouthoffset=\dimen309
\Gm@layoutvoffset=\dimen310
\Gm@dimlist=\toks57

(C:\Miktex\tex/latex/geometry\geometry.cfg))
\c@theorem=\count354
\c@proposition=\count355
\c@algsubstate=\count356
)
LaTeX Font Info:    Trying to load font information for T1+jkp on input line 11
9.

(C:\Miktex\tex/latex/kpfonts\t1jkp.fd
File: t1jkp.fd 2007/01/24 Fontinst v1.928 font definitions for T1/jkp.
) (Prova finale.aux)
\openout1 = `"Prova finale.aux"'.

LaTeX Font Info:    Checking defaults for OML/jkp/m/it on input line 119.
LaTeX Font Info:    Trying to load font information for OML+jkp on input line 1
19.

(C:\Miktex\tex/latex/kpfonts\omljkp.fd
File: omljkp.fd 2006/08/15 v1.0
)
LaTeX Font Info:    ... okay on input line 119.
LaTeX Font Info:    Checking defaults for OMS/jkp/m/n on input line 119.
LaTeX Font Info:    Trying to load font information for OMS+jkp on input line 1
19.
 (C:\Miktex\tex/latex/kpfonts\omsjkp.fd
File: omsjkp.fd 2006/08/15 v1.0
)
LaTeX Font Info:    ... okay on input line 119.
LaTeX Font Info:    Checking defaults for OT1/cmr/m/n on input line 119.
LaTeX Font Info:    ... okay on input line 119.
LaTeX Font Info:    Checking defaults for T1/cmr/m/n on input line 119.
LaTeX Font Info:    ... okay on input line 119.
LaTeX Font Info:    Checking defaults for TS1/cmr/m/n on input line 119.
LaTeX Font Info:    ... okay on input line 119.
LaTeX Font Info:    Checking defaults for OMX/jkp/m/n on input line 119.
LaTeX Font Info:    Trying to load font information for OMX+jkp on input line 1
19.
(C:\Miktex\tex/latex/kpfonts\omxjkp.fd
File: omxjkp.fd 2006/08/15 v1.0
)
LaTeX Font Info:    ... okay on input line 119.
LaTeX Font Info:    Checking defaults for U/jkpexa/m/n on input line 119.
LaTeX Font Info:    Trying to load font information for U+jkpexa on input line 
119.
 (C:\Miktex\tex/latex/kpfonts\ujkpexa.fd
File: ujkpexa.fd 2006/08/15 v1.0
)
LaTeX Font Info:    ... okay on input line 119.
LaTeX Font Info:    Checking defaults for PD1/pdf/m/n on input line 119.
LaTeX Font Info:    ... okay on input line 119.
LaTeX Font Info:    Checking defaults for PU/pdf/m/n on input line 119.
LaTeX Font Info:    ... okay on input line 119.
 (C:\Miktex\tex/context/base/mkii\supp-pdf.mkii
[Loading MPS to PDF converter (version 2006.09.02).]
\scratchcounter=\count357
\scratchdimen=\dimen311
\scratchbox=\box90
\nofMPsegments=\count358
\nofMParguments=\count359
\everyMPshowfont=\toks58
\MPscratchCnt=\count360
\MPscratchDim=\dimen312
\MPnumerator=\count361
\makeMPintoPDFobject=\count362
\everyMPtoPDFconversion=\toks59
) (C:\Miktex\tex/latex/epstopdf-pkg\epstopdf-base.sty
Package: epstopdf-base 2020-01-24 v2.11 Base part for package epstopdf
Package epstopdf-base Info: Redefining graphics rule for `.eps' on input line 4
85.

(C:\Miktex\tex/latex/00miktex\epstopdf-sys.cfg
File: epstopdf-sys.cfg 2021/03/18 v2.0 Configuration of epstopdf for MiKTeX
))
LaTeX Info: Redefining \it@ocap on input line 119.
LaTeX Info: Redefining \it@ccap on input line 119.
Package caption Info: Begin \AtBeginDocument code.
Package caption Info: subfig package v1.3 is loaded.
Package caption Info: float package is loaded.
Package caption Info: hyperref package is loaded.
Package caption Info: longtable package is loaded.

(C:\Miktex\tex/latex/caption\ltcaption.sty
Package: ltcaption 2021/01/08 v1.4c longtable captions (AR)
)
Package caption Info: End \AtBeginDocument code.
LaTeX Info: Redefining \[ on input line 119.
LaTeX Info: Redefining \] on input line 119.
Package hyperref Info: Link coloring ON on input line 119.
 (Prova finale.out)
(Prova finale.out)
\@outlinefile=\write5
\openout5 = `"Prova finale.out"'.


*geometry* driver: auto-detecting
*geometry* detected driver: pdftex
*geometry* verbose mode - [ preamble ] result:
* driver: pdftex
* paper: a4paper
* layout: <same size as paper>
* layoutoffset:(h,v)=(0.0pt,0.0pt)
* modes: 
* h-part:(L,W,R)=(56.9055pt, 483.69687pt, 56.9055pt)
* v-part:(T,H,B)=(85.35826pt, 702.78308pt, 56.9055pt)
* \paperwidth=597.50787pt
* \paperheight=845.04684pt
* \textwidth=483.69687pt
* \textheight=702.78308pt
* \oddsidemargin=-15.36449pt
* \evensidemargin=-15.36449pt
* \topmargin=-49.50769pt
* \headheight=62.59596pt
* \headsep=0.0pt
* \topskip=11.0pt
* \footskip=30.0pt
* \marginparwidth=4.0pt
* \marginparsep=10.0pt
* \columnsep=40.0pt
* \skip\footins=10.0pt plus 4.0pt minus 2.0pt
* \hoffset=0.0pt
* \voffset=0.0pt
* \mag=1000
* \@twocolumntrue
* \@twosidefalse
* \@mparswitchfalse
* \@reversemarginfalse
* (1in=72.27pt=25.4mm, 1cm=28.453pt)

(Configuration_files/title_page.tex
Package epstopdf Info: Source file: <Images//logo_polimi_ing_indinf.eps>
(epstopdf)                    date: 2023-04-19 17:51:47
(epstopdf)                    size: 1016894 bytes
(epstopdf)             Output file: <Images//logo_polimi_ing_indinf-eps-convert
ed-to.pdf>
(epstopdf)                    date: 2023-04-19 17:51:47
(epstopdf)                    size: 81939 bytes
(epstopdf)             Command: <miktex-epstopdf --outfile=Images//logo_polimi_
ing_indinf-eps-converted-to.pdf Images//logo_polimi_ing_indinf.eps>
(epstopdf)             \includegraphics on input line 42.
Package epstopdf Info: Output file is already uptodate.


pdfTeX warning: pdflatex (file ./Images//logo_polimi_ing_indinf-eps-converted-t
o.pdf): PDF inclusion: found PDF version <1.7>, but at most version <1.5> allow
ed
<Images//logo_polimi_ing_indinf-eps-converted-to.pdf, id=34, 493.845pt x 227.85
126pt>
File: Images//logo_polimi_ing_indinf-eps-converted-to.pdf Graphic file (type pd
f)
<use Images//logo_polimi_ing_indinf-eps-converted-to.pdf>
Package pdftex.def Info: Images//logo_polimi_ing_indinf-eps-converted-to.pdf  u
sed on input line 42.
(pdftex.def)             Requested size: 290.22107pt x 133.9026pt.
)
LaTeX Font Info:    Trying to load font information for OT1+jkp on input line 1
35.
 (C:\Miktex\tex/latex/kpfonts\ot1jkp.fd
File: ot1jkp.fd 2007/08/30 Fontinst v1.928 font definitions for OT1/jkp.
)
LaTeX Font Info:    Trying to load font information for U+jkpmia on input line 
135.

(C:\Miktex\tex/latex/kpfonts\ujkpmia.fd
File: ujkpmia.fd 2006/08/15 v1.0
)
LaTeX Font Info:    Trying to load font information for U+jkpsya on input line 
135.

(C:\Miktex\tex/latex/kpfonts\ujkpsya.fd
File: ujkpsya.fd 2006/08/15 v1.0
)
LaTeX Font Info:    Trying to load font information for U+jkpsyb on input line 
135.

(C:\Miktex\tex/latex/kpfonts\ujkpsyb.fd
File: ujkpsyb.fd 2006/08/15 v1.0
)
LaTeX Font Info:    Trying to load font information for U+jkpsyc on input line 
135.

(C:\Miktex\tex/latex/kpfonts\ujkpsyc.fd
File: ujkpsyc.fd 2006/08/15 v1.0
)
CUTED [- LAST -]
Extra skip:0.0pt
Left:0.0pt/0.0pt
Right:0.0pt/0.0pt
Split: 0.0pt
Output:0.0pt
Pageshrink: 0.0pt
Pagestretch: 0.0pt
@colht:420.90279pt
CUTED [output]: 0.0pt
CUTED [leftcolumn badness]: 0
CUTED [rightcolumn badness]: 0
Package epstopdf Info: Source file: <Images//raggiera_polimi.eps>
(epstopdf)                    date: 2023-04-19 17:51:48
(epstopdf)                    size: 1813066 bytes
(epstopdf)             Output file: <Images//raggiera_polimi-eps-converted-to.p
df>
(epstopdf)                    date: 2023-04-19 17:51:48
(epstopdf)                    size: 40418 bytes
(epstopdf)             Command: <miktex-epstopdf --outfile=Images//raggiera_pol
imi-eps-converted-to.pdf Images//raggiera_polimi.eps>
(epstopdf)             \includegraphics on input line 141.
Package epstopdf Info: Output file is already uptodate.


pdfTeX warning: pdflatex (file ./Images//raggiera_polimi-eps-converted-to.pdf):
 PDF inclusion: found PDF version <1.7>, but at most version <1.5> allowed
<Images//raggiera_polimi-eps-converted-to.pdf, id=35, 502.87875pt x 502.87875pt
>
File: Images//raggiera_polimi-eps-converted-to.pdf Graphic file (type pdf)
<use Images//raggiera_polimi-eps-converted-to.pdf>
Package pdftex.def Info: Images//raggiera_polimi-eps-converted-to.pdf  used on 
input line 141.
(pdftex.def)             Requested size: 298.75394pt x 298.75233pt.
[1{C:/Users/danie/AppData/Local/MiKTeX/fonts/map/pdftex/pdftex.map}



 <./Images//raggiera_polimi-eps-converted-to.pdf> <./Images//logo_polimi_ing_in
dinf-eps-converted-to.pdf>]
LaTeX Font Info:    Trying to load font information for TS1+jkp on input line 1
68.
 (C:\Miktex\tex/latex/kpfonts\ts1jkp.fd
File: ts1jkp.fd 2007/08/30 Fontinst v1.928 font definitions for TS1/jkp.
) [2

]
Package epstopdf Info: Source file: <Images//01_quota_t.eps>
(epstopdf)                    date: 2023-04-19 17:51:47
(epstopdf)                    size: 310855 bytes
(epstopdf)             Output file: <Images//01_quota_t-eps-converted-to.pdf>
(epstopdf)                    date: 2023-04-19 17:51:47
(epstopdf)                    size: 102488 bytes
(epstopdf)             Command: <miktex-epstopdf --outfile=Images//01_quota_t-e
ps-converted-to.pdf Images//01_quota_t.eps>
(epstopdf)             \includegraphics on input line 197.
Package epstopdf Info: Output file is already uptodate.


pdfTeX warning: pdflatex (file ./Images//01_quota_t-eps-converted-to.pdf): PDF 
inclusion: found PDF version <1.7>, but at most version <1.5> allowed
<Images//01_quota_t-eps-converted-to.pdf, id=68, 256.96pt x 192.72pt>
File: Images//01_quota_t-eps-converted-to.pdf Graphic file (type pdf)
<use Images//01_quota_t-eps-converted-to.pdf>
Package pdftex.def Info: Images//01_quota_t-eps-converted-to.pdf  used on input
 line 197.
(pdftex.def)             Requested size: 221.84843pt x 166.38878pt.
Package epstopdf Info: Source file: <Images//02_velocita_t.eps>
(epstopdf)                    date: 2023-04-19 17:51:47
(epstopdf)                    size: 311387 bytes
(epstopdf)             Output file: <Images//02_velocita_t-eps-converted-to.pdf
>
(epstopdf)                    date: 2023-04-19 17:51:47
(epstopdf)                    size: 102980 bytes
(epstopdf)             Command: <miktex-epstopdf --outfile=Images//02_velocita_
t-eps-converted-to.pdf Images//02_velocita_t.eps>
(epstopdf)             \includegraphics on input line 199.
Package epstopdf Info: Output file is already uptodate.


pdfTeX warning: pdflatex (file ./Images//02_velocita_t-eps-converted-to.pdf): P
DF inclusion: found PDF version <1.7>, but at most version <1.5> allowed
<Images//02_velocita_t-eps-converted-to.pdf, id=69, 256.96pt x 192.72pt>
File: Images//02_velocita_t-eps-converted-to.pdf Graphic file (type pdf)
<use Images//02_velocita_t-eps-converted-to.pdf>
Package pdftex.def Info: Images//02_velocita_t-eps-converted-to.pdf  used on in
put line 199.
(pdftex.def)             Requested size: 221.84843pt x 166.38878pt.
Package epstopdf Info: Source file: <Images//03_accelerazione_t.eps>
(epstopdf)                    date: 2023-04-19 17:51:47
(epstopdf)                    size: 309627 bytes
(epstopdf)             Output file: <Images//03_accelerazione_t-eps-converted-t
o.pdf>
(epstopdf)                    date: 2023-04-19 17:51:47
(epstopdf)                    size: 104205 bytes
(epstopdf)             Command: <miktex-epstopdf --outfile=Images//03_acceleraz
ione_t-eps-converted-to.pdf Images//03_accelerazione_t.eps>
(epstopdf)             \includegraphics on input line 201.
Package epstopdf Info: Output file is already uptodate.


pdfTeX warning: pdflatex (file ./Images//03_accelerazione_t-eps-converted-to.pd
f): PDF inclusion: found PDF version <1.7>, but at most version <1.5> allowed
<Images//03_accelerazione_t-eps-converted-to.pdf, id=70, 256.96pt x 192.72pt>
File: Images//03_accelerazione_t-eps-converted-to.pdf Graphic file (type pdf)
<use Images//03_accelerazione_t-eps-converted-to.pdf>
Package pdftex.def Info: Images//03_accelerazione_t-eps-converted-to.pdf  used 
on input line 201.
(pdftex.def)             Requested size: 221.84843pt x 166.38878pt.
Package epstopdf Info: Source file: <Images//04_spinta_t.eps>
(epstopdf)                    date: 2023-04-19 17:51:47
(epstopdf)                    size: 306021 bytes
(epstopdf)             Output file: <Images//04_spinta_t-eps-converted-to.pdf>
(epstopdf)                    date: 2023-04-19 17:51:47
(epstopdf)                    size: 91721 bytes
(epstopdf)             Command: <miktex-epstopdf --outfile=Images//04_spinta_t-
eps-converted-to.pdf Images//04_spinta_t.eps>
(epstopdf)             \includegraphics on input line 203.
Package epstopdf Info: Output file is already uptodate.


pdfTeX warning: pdflatex (file ./Images//04_spinta_t-eps-converted-to.pdf): PDF
 inclusion: found PDF version <1.7>, but at most version <1.5> allowed
<Images//04_spinta_t-eps-converted-to.pdf, id=71, 256.96pt x 192.72pt>
File: Images//04_spinta_t-eps-converted-to.pdf Graphic file (type pdf)
<use Images//04_spinta_t-eps-converted-to.pdf>
Package pdftex.def Info: Images//04_spinta_t-eps-converted-to.pdf  used on inpu
t line 203.
(pdftex.def)             Requested size: 221.84843pt x 166.38878pt.
Package epstopdf Info: Source file: <Images//05_drag_t.eps>
(epstopdf)                    date: 2023-04-19 17:51:47
(epstopdf)                    size: 312190 bytes
(epstopdf)             Output file: <Images//05_drag_t-eps-converted-to.pdf>
(epstopdf)                    date: 2023-04-19 17:51:47
(epstopdf)                    size: 105883 bytes
(epstopdf)             Command: <miktex-epstopdf --outfile=Images//05_drag_t-ep
s-converted-to.pdf Images//05_drag_t.eps>
(epstopdf)             \includegraphics on input line 205.
Package epstopdf Info: Output file is already uptodate.


pdfTeX warning: pdflatex (file ./Images//05_drag_t-eps-converted-to.pdf): PDF i
nclusion: found PDF version <1.7>, but at most version <1.5> allowed
<Images//05_drag_t-eps-converted-to.pdf, id=72, 256.96pt x 192.72pt>
File: Images//05_drag_t-eps-converted-to.pdf Graphic file (type pdf)
<use Images//05_drag_t-eps-converted-to.pdf>
Package pdftex.def Info: Images//05_drag_t-eps-converted-to.pdf  used on input 
line 205.
(pdftex.def)             Requested size: 221.84843pt x 166.38878pt.
Package epstopdf Info: Source file: <Images//06_massa_t.eps>
(epstopdf)                    date: 2023-04-19 17:51:47
(epstopdf)                    size: 307944 bytes
(epstopdf)             Output file: <Images//06_massa_t-eps-converted-to.pdf>
(epstopdf)                    date: 2023-04-19 17:51:47
(epstopdf)                    size: 102312 bytes
(epstopdf)             Command: <miktex-epstopdf --outfile=Images//06_massa_t-e
ps-converted-to.pdf Images//06_massa_t.eps>
(epstopdf)             \includegraphics on input line 207.
Package epstopdf Info: Output file is already uptodate.


pdfTeX warning: pdflatex (file ./Images//06_massa_t-eps-converted-to.pdf): PDF 
inclusion: found PDF version <1.7>, but at most version <1.5> allowed
<Images//06_massa_t-eps-converted-to.pdf, id=73, 256.96pt x 192.72pt>
File: Images//06_massa_t-eps-converted-to.pdf Graphic file (type pdf)
<use Images//06_massa_t-eps-converted-to.pdf>
Package pdftex.def Info: Images//06_massa_t-eps-converted-to.pdf  used on input
 line 207.
(pdftex.def)             Requested size: 221.84843pt x 166.38878pt.
Package epstopdf Info: Source file: <Images//07_traiettoria.eps>
(epstopdf)                    date: 2023-04-19 17:51:47
(epstopdf)                    size: 292851 bytes
(epstopdf)             Output file: <Images//07_traiettoria-eps-converted-to.pd
f>
(epstopdf)                    date: 2023-04-19 17:51:47
(epstopdf)                    size: 92829 bytes
(epstopdf)             Command: <miktex-epstopdf --outfile=Images//07_traiettor
ia-eps-converted-to.pdf Images//07_traiettoria.eps>
(epstopdf)             \includegraphics on input line 215.
Package epstopdf Info: Output file is already uptodate.


pdfTeX warning: pdflatex (file ./Images//07_traiettoria-eps-converted-to.pdf): 
PDF inclusion: found PDF version <1.7>, but at most version <1.5> allowed
<Images//07_traiettoria-eps-converted-to.pdf, id=74, 256.96pt x 192.72pt>
File: Images//07_traiettoria-eps-converted-to.pdf Graphic file (type pdf)
<use Images//07_traiettoria-eps-converted-to.pdf>
Package pdftex.def Info: Images//07_traiettoria-eps-converted-to.pdf  used on i
nput line 215.
(pdftex.def)             Requested size: 221.84843pt x 166.38878pt.
[3 <./Images//01_quota_t-eps-converted-to.pdf> <./Images//02_velocita_t-eps-con
verted-to.pdf> <./Images//03_accelerazione_t-eps-converted-to.pdf> <./Images//0
4_spinta_t-eps-converted-to.pdf> <./Images//05_drag_t-eps-converted-to.pdf> <./
Images//06_massa_t-eps-converted-to.pdf>] [4 <./Images//07_traiettoria-eps-conv
erted-to.pdf>]
Overfull \hbox (119.69655pt too wide) in paragraph at lines 284--291
[][] 
 []

[5] (Prova finale.aux)
Package rerunfilecheck Info: File `"Prova finale".out' has not changed.
(rerunfilecheck)             Checksum: D7131C39C1033189F47796CD813FFF91;940.
 ) 
Here is how much of TeX's memory you used:
 30251 strings out of 475385
 554795 string characters out of 2793321
 984561 words of memory out of 3000000
 51056 multiletter control sequences out of 15000+600000
 539933 words of font info for 92 fonts, out of 8000000 for 9000
 1141 hyphenation exceptions out of 8191
 83i,15n,80p,1985b,623s stack positions out of 10000i,1000n,20000p,200000b,80000s
{C:/Miktex/fonts/enc/dvips/kpfonts/kpfonts-expert.enc}{C:/Miktex/fonts/enc/dv
ips/base/8r.enc}<C:/Miktex/fonts/type1/public/kpfonts/jkpbn8a.pfb><C:/Miktex/fo
nts/type1/public/kpfonts/jkpbsc8a.pfb><C:/Miktex/fonts/type1/public/kpfonts/jkp
ex.pfb><C:/Miktex/fonts/type1/public/kpfonts/jkpmi.pfb><C:/Miktex/fonts/type1/p
ublic/kpfonts/jkpmia.pfb><C:/Miktex/fonts/type1/public/kpfonts/jkpmn8a.pfb><C:/
Miktex/fonts/type1/public/kpfonts/jkpmne.pfb><C:/Miktex/fonts/type1/public/kpfo
nts/jkpsy.pfb>
Output written on "Prova finale.pdf" (5 pages, 912198 bytes).
PDF statistics:
 192 PDF objects out of 1000 (max. 8388607)
 20 named destinations out of 1000 (max. 500000)
 114 words of extra memory for PDF output out of 10000 (max. 10000000)

