\BOOKMARK [1][-]{Doc-Start}{\376\377\000S\000o\000m\000m\000a\000r\000i\000o}{}% 1
\BOOKMARK [1][-]{Doc-Start}{\376\377\000I\000n\000d\000i\000c\000e}{}% 2
\BOOKMARK [1][-]{section.1}{\376\377\000N\000o\000m\000e\000n\000c\000l\000a\000t\000u\000r\000a}{}% 3
\BOOKMARK [1][-]{section.2}{\376\377\000A\000n\000a\000l\000i\000s\000i\000\040\000d\000e\000l\000l\000a\000\040\000m\000i\000s\000s\000i\000o\000n\000e}{}% 4
\BOOKMARK [1][-]{section.3}{\376\377\000A\000n\000a\000l\000i\000s\000i\000\040\000d\000e\000i\000\040\000p\000r\000o\000p\000e\000l\000l\000e\000n\000t\000i}{}% 5
\BOOKMARK [1][-]{section.4}{\376\377\000D\000i\000m\000e\000n\000s\000i\000o\000n\000a\000m\000e\000n\000t\000o\000\040\000d\000e\000i\000\040\000t\000a\000n\000k}{}% 6
\BOOKMARK [1][-]{section.5}{\376\377\000S\000c\000h\000e\000m\000a\000\040\000t\000e\000r\000m\000o\000d\000i\000n\000a\000m\000i\000c\000o}{}% 7
\BOOKMARK [1][-]{section.6}{\376\377\000G\000a\000s\000\040\000g\000e\000n\000e\000r\000a\000t\000o\000r}{}% 8
\BOOKMARK [1][-]{section.7}{\376\377\000T\000u\000r\000b\000o\000p\000o\000m\000p\000a}{}% 9
\BOOKMARK [2][-]{subsection.7.1}{\376\377\000P\000o\000m\000p\000a}{section.7}% 10
\BOOKMARK [2][-]{subsection.7.2}{\376\377\000T\000u\000r\000b\000i\000n\000a}{section.7}% 11
\BOOKMARK [3][-]{subsubsection.7.2.1}{\376\377\000D\000e\000s\000c\000r\000i\000z\000i\000o\000n\000e\000\040\000t\000u\000r\000b\000i\000n\000a}{subsection.7.2}% 12
\BOOKMARK [3][-]{subsubsection.7.2.2}{\376\377\000D\000i\000m\000e\000n\000s\000i\000o\000n\000a\000m\000e\000n\000t\000o\000\040\000t\000u\000r\000b\000i\000n\000a\000\040\000-\000\040\000s\000c\000e\000l\000t\000e\000\040\000p\000r\000o\000g\000e\000t\000t\000u\000a\000l\000i}{subsection.7.2}% 13
\BOOKMARK [1][-]{section.8}{\376\377\000P\000i\000a\000t\000t\000o\000\040\000d\000'\000i\000n\000i\000e\000z\000i\000o\000n\000e}{}% 14
\BOOKMARK [1][-]{section.9}{\376\377\000C\000a\000m\000e\000r\000a\000\040\000d\000i\000\040\000s\000p\000i\000n\000t\000a}{}% 15
\BOOKMARK [2][-]{subsection.9.1}{\376\377\000D\000e\000s\000c\000r\000i\000z\000i\000o\000n\000e\000\040\000d\000e\000l\000\040\000s\000i\000s\000t\000e\000m\000a}{section.9}% 16
\BOOKMARK [2][-]{subsection.9.2}{\376\377\000M\000o\000d\000e\000l\000l\000a\000z\000i\000o\000n\000e\000\040\000d\000e\000l\000l\000'\000u\000g\000e\000l\000l\000o}{section.9}% 17
\BOOKMARK [1][-]{subsection.9.2}{\376\377\000A\000p\000p\000e\000n\000d\000i\000c\000e}{}% 18
\BOOKMARK [1][-]{appendix.1.Alph1}{\376\377\000C\000o\000d\000i\000c\000i\000\040\000M\000A\000T\000L\000A\000B\000\040\000u\000s\000a\000t\000i}{}% 19
\BOOKMARK [2][-]{subsection.1.Alph1.1}{\376\377\000S\000i\000m\000u\000l\000a\000z\000i\000o\000n\000e\000\040\000d\000i\000\040\000v\000o\000l\000o}{appendix.1.Alph1}% 20
\BOOKMARK [1][-]{appendix.1.Alph2}{\376\377\000G\000r\000a\000f\000i\000c\000i\000\040\000d\000i\000\040\000v\000a\000r\000i\000e\000\040\000g\000r\000a\000n\000d\000e\000z\000z\000e\000\040\000i\000n\000\040\000f\000u\000n\000z\000i\000o\000n\000e\000\040\000d\000e\000l\000\040\000t\000e\000m\000p\000o\000\040\000d\000i\000\040\000v\000o\000l\000o}{}% 21
\BOOKMARK [1][-]{appendix.1.Alph3}{\376\377\000C\000o\000n\000f\000r\000o\000n\000t\000o\000\040\000p\000e\000s\000o\000\040\000m\000o\000l\000e\000c\000o\000l\000a\000r\000e\000\040\000g\000a\000s\000\040\000g\000e\000n\000e\000r\000a\000t\000o\000r\000\040\000t\000r\000a\000\040\000c\000a\000s\000o\000\040\000F\000u\000e\000l\000\040\000R\000i\000c\000h\000\040\000e\000\040\000O\000x\000i\000d\000i\000z\000e\000r\000\040\000R\000i\000c\000h}{}% 22
\BOOKMARK [1][-]{appendix.1.Alph4}{\376\377\000P\000r\000o\000d\000o\000t\000t\000i\000\040\000g\000a\000s\000\040\000g\000e\000n\000e\000r\000a\000t\000o\000r\000\040\000a\000n\000a\000l\000i\000z\000z\000a\000t\000i\000\040\000c\000o\000n\000\040\000s\000o\000f\000t\000w\000a\000r\000e\000\040\000N\000A\000S\000A\000\040\000C\000E\000A}{}% 23
\BOOKMARK [1][-]{appendix.1.Alph5}{\376\377\000S\000c\000h\000e\000m\000i\000\040\000d\000e\000l\000\040\000g\000a\000s\000\040\000g\000e\000n\000e\000r\000a\000t\000o\000r}{}% 24
\BOOKMARK [1][-]{appendix.1.Alph5}{\376\377\000B\000i\000b\000l\000i\000o\000g\000r\000a\000f\000i\000a}{}% 25
